<?xml version="1.0" encoding="UTF-8"?>
<!-- Generated by org.testng.reporters.JUnitXMLReporter -->
<testsuite ignored="0" hostname="DESKTOP-7M143JH" failures="0" tests="10" name="Test" time="262.684" errors="0" timestamp="24 Apr 2021 10:09:07 GMT">
  <testcase classname="skb.admintestcases.logintestcases" name="titletest" time="0.04"/>
  <testcase classname="skb.admintestcases.visitortest" name="addvisitor" time="14.221"/>
  <testcase classname="skb.admintestcases.visitortest" name="addvisitor" time="14.163"/>
  <testcase classname="skb.admintestcases.logintestcases" name="logotest" time="0.114"/>
  <testcase classname="skb.admintestcases.homepagetest" name="homepagetitle" time="0.038"/>
  <testcase classname="skb.admintestcases.frontofficetest" name="checkuserlabel1" time="0.048"/>
  <testcase classname="skb.admintestcases.logintestcases" name="login" time="13.722"/>
  <testcase classname="skb.admintestcases.homepagetest" name="checkuserlabel" time="0.373"/>
  <testcase classname="skb.admintestcases.frontofficetest" name="checkvisitorsclick" time="3.736"/>
  <testcase classname="skb.admintestcases.homepagetest" name="checkfrontofficeclick" time="4.286"/>
</testsuite> <!-- Test -->
