<?xml version="1.0" encoding="UTF-8"?>
<testng-results ignored="0" total="10" passed="10" failed="0" skipped="0">
  <reporter-output>
  </reporter-output>
  <suite started-at="2021-04-24T09:39:23Z" name="Suite" finished-at="2021-04-24T09:43:47Z" duration-ms="264016">
    <groups>
    </groups>
    <test started-at="2021-04-24T09:39:23Z" name="Test" finished-at="2021-04-24T09:43:47Z" duration-ms="264016">
      <class name="skb.admintestcases.homepagetest">
        <test-method is-config="true" signature="setup()[pri:0, instance:skb.admintestcases.homepagetest@1c852c0f]" started-at="2021-04-24T15:11:16Z" name="setup" finished-at="2021-04-24T15:11:36Z" duration-ms="20294" status="PASS">
          <reporter-output>
          </reporter-output>
        </test-method> <!-- setup -->
        <test-method signature="homepagetitle()[pri:1, instance:skb.admintestcases.homepagetest@1c852c0f]" started-at="2021-04-24T15:11:36Z" name="homepagetitle" finished-at="2021-04-24T15:11:36Z" duration-ms="40" status="PASS">
          <reporter-output>
          </reporter-output>
        </test-method> <!-- homepagetitle -->
        <test-method is-config="true" signature="AfterMethod()[pri:0, instance:skb.admintestcases.homepagetest@1c852c0f]" started-at="2021-04-24T15:11:36Z" name="AfterMethod" finished-at="2021-04-24T15:11:36Z" duration-ms="199" status="PASS">
          <reporter-output>
          </reporter-output>
        </test-method> <!-- AfterMethod -->
        <test-method is-config="true" signature="setup()[pri:0, instance:skb.admintestcases.homepagetest@1c852c0f]" started-at="2021-04-24T15:12:30Z" name="setup" finished-at="2021-04-24T15:12:48Z" duration-ms="18370" status="PASS">
          <reporter-output>
          </reporter-output>
        </test-method> <!-- setup -->
        <test-method signature="checkuserlabel()[pri:2, instance:skb.admintestcases.homepagetest@1c852c0f]" started-at="2021-04-24T15:12:48Z" name="checkuserlabel" finished-at="2021-04-24T15:12:48Z" duration-ms="328" status="PASS">
          <reporter-output>
          </reporter-output>
        </test-method> <!-- checkuserlabel -->
        <test-method is-config="true" signature="AfterMethod()[pri:0, instance:skb.admintestcases.homepagetest@1c852c0f]" started-at="2021-04-24T15:12:48Z" name="AfterMethod" finished-at="2021-04-24T15:12:49Z" duration-ms="506" status="PASS">
          <reporter-output>
          </reporter-output>
        </test-method> <!-- AfterMethod -->
        <test-method is-config="true" signature="setup()[pri:0, instance:skb.admintestcases.homepagetest@1c852c0f]" started-at="2021-04-24T15:13:16Z" name="setup" finished-at="2021-04-24T15:13:41Z" duration-ms="24946" status="PASS">
          <reporter-output>
          </reporter-output>
        </test-method> <!-- setup -->
        <test-method signature="checkfrontofficeclick()[pri:3, instance:skb.admintestcases.homepagetest@1c852c0f]" started-at="2021-04-24T15:13:41Z" name="checkfrontofficeclick" finished-at="2021-04-24T15:13:47Z" duration-ms="6119" status="PASS">
          <reporter-output>
          </reporter-output>
        </test-method> <!-- checkfrontofficeclick -->
        <test-method is-config="true" signature="AfterMethod()[pri:0, instance:skb.admintestcases.homepagetest@1c852c0f]" started-at="2021-04-24T15:13:47Z" name="AfterMethod" finished-at="2021-04-24T15:13:47Z" duration-ms="81" status="PASS">
          <reporter-output>
          </reporter-output>
        </test-method> <!-- AfterMethod -->
      </class> <!-- skb.admintestcases.homepagetest -->
      <class name="skb.admintestcases.logintestcases">
        <test-method is-config="true" signature="setup()[pri:0, instance:skb.admintestcases.logintestcases@62833051]" started-at="2021-04-24T15:09:23Z" name="setup" finished-at="2021-04-24T15:09:31Z" duration-ms="7347" status="PASS">
          <reporter-output>
          </reporter-output>
        </test-method> <!-- setup -->
        <test-method signature="titletest()[pri:0, instance:skb.admintestcases.logintestcases@62833051]" started-at="2021-04-24T15:09:31Z" name="titletest" finished-at="2021-04-24T15:09:31Z" duration-ms="63" status="PASS">
          <reporter-output>
          </reporter-output>
        </test-method> <!-- titletest -->
        <test-method is-config="true" signature="teardown()[pri:0, instance:skb.admintestcases.logintestcases@62833051]" started-at="2021-04-24T15:09:31Z" name="teardown" finished-at="2021-04-24T15:09:31Z" duration-ms="205" status="PASS">
          <reporter-output>
          </reporter-output>
        </test-method> <!-- teardown -->
        <test-method is-config="true" signature="setup()[pri:0, instance:skb.admintestcases.logintestcases@62833051]" started-at="2021-04-24T15:11:09Z" name="setup" finished-at="2021-04-24T15:11:15Z" duration-ms="5882" status="PASS">
          <reporter-output>
          </reporter-output>
        </test-method> <!-- setup -->
        <test-method signature="logotest()[pri:1, instance:skb.admintestcases.logintestcases@62833051]" started-at="2021-04-24T15:11:15Z" name="logotest" finished-at="2021-04-24T15:11:15Z" duration-ms="116" status="PASS">
          <reporter-output>
          </reporter-output>
        </test-method> <!-- logotest -->
        <test-method is-config="true" signature="teardown()[pri:0, instance:skb.admintestcases.logintestcases@62833051]" started-at="2021-04-24T15:11:15Z" name="teardown" finished-at="2021-04-24T15:11:16Z" duration-ms="192" status="PASS">
          <reporter-output>
          </reporter-output>
        </test-method> <!-- teardown -->
        <test-method is-config="true" signature="setup()[pri:0, instance:skb.admintestcases.logintestcases@62833051]" started-at="2021-04-24T15:12:00Z" name="setup" finished-at="2021-04-24T15:12:06Z" duration-ms="6153" status="PASS">
          <reporter-output>
          </reporter-output>
        </test-method> <!-- setup -->
        <test-method signature="login()[pri:2, instance:skb.admintestcases.logintestcases@62833051]" started-at="2021-04-24T15:12:06Z" name="login" finished-at="2021-04-24T15:12:29Z" duration-ms="23407" status="PASS">
          <reporter-output>
          </reporter-output>
        </test-method> <!-- login -->
        <test-method is-config="true" signature="teardown()[pri:0, instance:skb.admintestcases.logintestcases@62833051]" started-at="2021-04-24T15:12:29Z" name="teardown" finished-at="2021-04-24T15:12:30Z" duration-ms="269" status="PASS">
          <reporter-output>
          </reporter-output>
        </test-method> <!-- teardown -->
      </class> <!-- skb.admintestcases.logintestcases -->
      <class name="skb.admintestcases.visitortest">
        <test-method is-config="true" signature="beforeMethod()[pri:0, instance:skb.admintestcases.visitortest@5d99c6b5]" started-at="2021-04-24T15:09:32Z" name="beforeMethod" finished-at="2021-04-24T15:10:11Z" duration-ms="39209" status="PASS">
          <reporter-output>
          </reporter-output>
        </test-method> <!-- beforeMethod -->
        <test-method signature="addvisitor([Ljava.lang.String;)[pri:0, instance:skb.admintestcases.visitortest@5d99c6b5]" started-at="2021-04-24T15:10:11Z" name="addvisitor" data-provider="getVISTestData" finished-at="2021-04-24T15:10:26Z" duration-ms="14337" status="PASS">
          <params>
            <param index="0">
              <value>
                <![CDATA[[Ljava.lang.String;@d2708a7]]>
              </value>
            </param>
          </params>
          <reporter-output>
          </reporter-output>
        </test-method> <!-- addvisitor -->
        <test-method is-config="true" signature="afterMethod()[pri:0, instance:skb.admintestcases.visitortest@5d99c6b5]" started-at="2021-04-24T15:10:26Z" name="afterMethod" finished-at="2021-04-24T15:10:26Z" duration-ms="0" status="PASS">
          <reporter-output>
          </reporter-output>
        </test-method> <!-- afterMethod -->
        <test-method is-config="true" signature="beforeMethod()[pri:0, instance:skb.admintestcases.visitortest@5d99c6b5]" started-at="2021-04-24T15:10:26Z" name="beforeMethod" finished-at="2021-04-24T15:10:55Z" duration-ms="29757" status="PASS">
          <reporter-output>
          </reporter-output>
        </test-method> <!-- beforeMethod -->
        <test-method signature="addvisitor([Ljava.lang.String;)[pri:0, instance:skb.admintestcases.visitortest@5d99c6b5]" started-at="2021-04-24T15:10:55Z" name="addvisitor" data-provider="getVISTestData" finished-at="2021-04-24T15:11:09Z" duration-ms="14050" status="PASS">
          <params>
            <param index="0">
              <value>
                <![CDATA[[Ljava.lang.String;@508ad266]]>
              </value>
            </param>
          </params>
          <reporter-output>
          </reporter-output>
        </test-method> <!-- addvisitor -->
        <test-method is-config="true" signature="afterMethod()[pri:0, instance:skb.admintestcases.visitortest@5d99c6b5]" started-at="2021-04-24T15:11:09Z" name="afterMethod" finished-at="2021-04-24T15:11:09Z" duration-ms="0" status="PASS">
          <reporter-output>
          </reporter-output>
        </test-method> <!-- afterMethod -->
      </class> <!-- skb.admintestcases.visitortest -->
      <class name="skb.admintestcases.frontofficetest">
        <test-method is-config="true" signature="setup()[pri:0, instance:skb.admintestcases.frontofficetest@a37aefe]" started-at="2021-04-24T15:11:36Z" name="setup" finished-at="2021-04-24T15:12:00Z" duration-ms="23460" status="PASS">
          <reporter-output>
          </reporter-output>
        </test-method> <!-- setup -->
        <test-method signature="checkuserlabel1()[pri:1, instance:skb.admintestcases.frontofficetest@a37aefe]" started-at="2021-04-24T15:12:00Z" name="checkuserlabel1" finished-at="2021-04-24T15:12:00Z" duration-ms="78" status="PASS">
          <reporter-output>
          </reporter-output>
        </test-method> <!-- checkuserlabel1 -->
        <test-method is-config="true" signature="AfterMethod()[pri:0, instance:skb.admintestcases.frontofficetest@a37aefe]" started-at="2021-04-24T15:12:00Z" name="AfterMethod" finished-at="2021-04-24T15:12:00Z" duration-ms="92" status="PASS">
          <reporter-output>
          </reporter-output>
        </test-method> <!-- AfterMethod -->
        <test-method is-config="true" signature="setup()[pri:0, instance:skb.admintestcases.frontofficetest@a37aefe]" started-at="2021-04-24T15:12:49Z" name="setup" finished-at="2021-04-24T15:13:12Z" duration-ms="23546" status="PASS">
          <reporter-output>
          </reporter-output>
        </test-method> <!-- setup -->
        <test-method signature="checkvisitorsclick()[pri:2, instance:skb.admintestcases.frontofficetest@a37aefe]" started-at="2021-04-24T15:13:12Z" name="checkvisitorsclick" finished-at="2021-04-24T15:13:16Z" duration-ms="3581" status="PASS">
          <reporter-output>
          </reporter-output>
        </test-method> <!-- checkvisitorsclick -->
        <test-method is-config="true" signature="AfterMethod()[pri:0, instance:skb.admintestcases.frontofficetest@a37aefe]" started-at="2021-04-24T15:13:16Z" name="AfterMethod" finished-at="2021-04-24T15:13:16Z" duration-ms="221" status="PASS">
          <reporter-output>
          </reporter-output>
        </test-method> <!-- AfterMethod -->
      </class> <!-- skb.admintestcases.frontofficetest -->
    </test> <!-- Test -->
  </suite> <!-- Suite -->
</testng-results>
