<?xml version="1.0" encoding="UTF-8"?>
<!-- Generated by org.testng.reporters.JUnitXMLReporter -->
<testsuite ignored="0" hostname="DESKTOP-7M143JH" failures="0" tests="10" name="Test" time="264.016" errors="0" timestamp="24 Apr 2021 09:43:47 GMT">
  <testcase classname="skb.admintestcases.logintestcases" name="titletest" time="0.063"/>
  <testcase classname="skb.admintestcases.visitortest" name="addvisitor" time="14.337"/>
  <testcase classname="skb.admintestcases.visitortest" name="addvisitor" time="14.05"/>
  <testcase classname="skb.admintestcases.logintestcases" name="logotest" time="0.116"/>
  <testcase classname="skb.admintestcases.homepagetest" name="homepagetitle" time="0.04"/>
  <testcase classname="skb.admintestcases.frontofficetest" name="checkuserlabel1" time="0.078"/>
  <testcase classname="skb.admintestcases.logintestcases" name="login" time="23.407"/>
  <testcase classname="skb.admintestcases.homepagetest" name="checkuserlabel" time="0.328"/>
  <testcase classname="skb.admintestcases.frontofficetest" name="checkvisitorsclick" time="3.581"/>
  <testcase classname="skb.admintestcases.homepagetest" name="checkfrontofficeclick" time="6.119"/>
</testsuite> <!-- Test -->
